Log file open, 10/31/17 16:52:09
LogWindows: Failed to load 'aqProf.dll' (GetLastError=126)
LogWindows: File 'aqProf.dll' does not exist
LogWindows: Failed to load 'VtuneApi.dll' (GetLastError=126)
LogWindows: File 'VtuneApi.dll' does not exist
LogWindows: Failed to load 'VtuneApi32e.dll' (GetLastError=126)
LogWindows: File 'VtuneApi32e.dll' does not exist
LogInit: Display: Running engine for game: BattleTank
LogPlatformFile: Not using cached read wrapper
LogInit: Display: RandInit(1053389620) SRandInit(1053389620).
LogInit: Read version file with build ID '3709383'
LogInit: Overriding engine version to CL 3709383, compatible CL 3709383
LogInit: Registered custom module enumerator with build ID '3709383'
LogTaskGraph: Started task graph with 5 named threads and 8 total threads with 3 sets of task threads.
LogStats: Stats thread started at 0.127331
LogD3D11RHI: Aftermath initialized
LogModuleManager: Display: Found up-to-date module file ../../../Engine/Plugins/2D/Paper2D/Binaries/Win64/UE4Editor-Paper2D.dll (API version 3709383).
LogModuleManager: Display: Found up-to-date module file ../../../Engine/Plugins/2D/Paper2D/Binaries/Win64/UE4Editor-Paper2DEditor.dll (API version 3709383).
LogModuleManager: Display: Found up-to-date module file ../../../Engine/Plugins/2D/Paper2D/Binaries/Win64/UE4Editor-PaperSpriteSheetImporter.dll (API version 3709383).
LogModuleManager: Display: Found up-to-date module file ../../../Engine/Plugins/2D/Paper2D/Binaries/Win64/UE4Editor-PaperTiledImporter.dll (API version 3709383).
LogModuleManager: Display: Found up-to-date module file ../../../Engine/Plugins/2D/Paper2D/Binaries/Win64/UE4Editor-SmartSnapping.dll (API version 3709383).
LogModuleManager: Display: Found up-to-date module file ../../../Engine/Plugins/Blendables/LightPropagationVolume/Binaries/Win64/UE4Editor-LightPropagationVolumeRuntime.dll (API version 3709383).
LogModuleManager: Display: Found up-to-date module file ../../../Engine/Plugins/Blendables/LightPropagationVolume/Binaries/Win64/UE4Editor-LightPropagationVolumeEditor.dll (API version 3709383).
LogModuleManager: Display: Found up-to-date module file ../../../Engine/Plugins/Developer/GitSourceControl/Binaries/Win64/UE4Editor-GitSourceControl.dll (API version 3709383).
LogModuleManager: Display: Found up-to-date module file ../../../Engine/Plugins/Developer/PerforceSourceControl/Binaries/Win64/UE4Editor-PerforceSourceControl.dll (API version 3709383).
LogModuleManager: Display: Found up-to-date module file ../../../Engine/Plugins/Developer/SubversionSourceControl/Binaries/Win64/UE4Editor-SubversionSourceControl.dll (API version 3709383).
LogModuleManager: Display: Found up-to-date module file ../../../Engine/Plugins/Developer/UObjectPlugin/Binaries/Win64/UE4Editor-UObjectPlugin.dll (API version 3709383).
LogModuleManager: Display: Found up-to-date module file ../../../Engine/Plugins/Developer/VisualStudioCodeSourceCodeAccess/Binaries/Win64/UE4Editor-VisualStudioCodeSourceCodeAccess.dll (API version 3709383).
LogModuleManager: Display: Found up-to-date module file ../../../Engine/Plugins/Developer/VisualStudioSourceCodeAccess/Binaries/Win64/UE4Editor-VisualStudioSourceCodeAccess.dll (API version 3709383).
LogModuleManager: Display: Found up-to-date module file ../../../Engine/Plugins/Editor/AssetManagerEditor/Binaries/Win64/UE4Editor-AssetManagerEditor.dll (API version 3709383).
LogModuleManager: Display: Found up-to-date module file ../../../Engine/Plugins/Editor/AudioCapture/Binaries/Win64/UE4Editor-AudioCapture.dll (API version 3709383).
LogModuleManager: Display: Found up-to-date module file ../../../Engine/Plugins/Editor/FacialAnimation/Binaries/Win64/UE4Editor-FacialAnimation.dll (API version 3709383).
LogModuleManager: Display: Found up-to-date module file ../../../Engine/Plugins/Editor/FacialAnimation/Binaries/Win64/UE4Editor-FacialAnimationEditor.dll (API version 3709383).
LogModuleManager: Display: Found up-to-date module file ../../../Engine/Plugins/Editor/GameplayTagsEditor/Binaries/Win64/UE4Editor-GameplayTagsEditor.dll (API version 3709383).
LogModuleManager: Display: Found up-to-date module file ../../../Engine/Plugins/Editor/MobileLauncherProfileWizard/Binaries/Win64/UE4Editor-MobileLauncherProfileWizard.dll (API version 3709383).
LogModuleManager: Display: Found up-to-date module file ../../../Engine/Plugins/Editor/PluginBrowser/Binaries/Win64/UE4Editor-PluginBrowser.dll (API version 3709383).
LogModuleManager: Display: Found up-to-date module file ../../../Engine/Plugins/Editor/SpeedTreeImporter/Binaries/Win64/UE4Editor-SpeedTreeImporter.dll (API version 3709383).
LogModuleManager: Display: Found up-to-date module file ../../../Engine/Plugins/Experimental/AlembicImporter/Binaries/Win64/UE4Editor-AlembicImporter.dll (API version 3709383).
LogModuleManager: Display: Found up-to-date module file ../../../Engine/Plugins/Experimental/AlembicImporter/Binaries/Win64/UE4Editor-AlembicLibrary.dll (API version 3709383).
LogModuleManager: Display: Found up-to-date module file ../../../Engine/Plugins/Experimental/CharacterAI/Binaries/Win64/UE4Editor-CharacterAI.dll (API version 3709383).
LogModuleManager: Display: Found up-to-date module file ../../../Engine/Plugins/Experimental/HTML5Networking/Binaries/Win64/UE4Editor-HTML5Networking.dll (API version 3709383).
LogModuleManager: Display: Found up-to-date module file ../../../Engine/Plugins/Media/AndroidMedia/Binaries/Win64/UE4Editor-AndroidMediaEditor.dll (API version 3709383).
LogModuleManager: Display: Found up-to-date module file ../../../Engine/Plugins/Media/AndroidMedia/Binaries/Win64/UE4Editor-AndroidMediaFactory.dll (API version 3709383).
LogModuleManager: Display: Found up-to-date module file ../../../Engine/Plugins/Media/AvfMedia/Binaries/Win64/UE4Editor-AvfMediaEditor.dll (API version 3709383).
LogModuleManager: Display: Found up-to-date module file ../../../Engine/Plugins/Media/AvfMedia/Binaries/Win64/UE4Editor-AvfMediaFactory.dll (API version 3709383).
LogModuleManager: Display: Found up-to-date module file ../../../Engine/Plugins/Media/AvfMedia/Binaries/Win64/UE4Editor-AvfMediaFactory.dll (API version 3709383).
LogModuleManager: Display: Found up-to-date module file ../../../Engine/Plugins/Media/ImgMedia/Binaries/Win64/UE4Editor-ImgMedia.dll (API version 3709383).
LogModuleManager: Display: Found up-to-date module file ../../../Engine/Plugins/Media/ImgMedia/Binaries/Win64/UE4Editor-ImgMediaEditor.dll (API version 3709383).
LogModuleManager: Display: Found up-to-date module file ../../../Engine/Plugins/Media/ImgMedia/Binaries/Win64/UE4Editor-ImgMediaFactory.dll (API version 3709383).
LogModuleManager: Display: Found up-to-date module file ../../../Engine/Plugins/Media/ImgMedia/Binaries/Win64/UE4Editor-ImgMediaFactory.dll (API version 3709383).
LogModuleManager: Display: Found up-to-date module file ../../../Engine/Plugins/Media/ImgMedia/Binaries/Win64/UE4Editor-OpenExrWrapper.dll (API version 3709383).
LogModuleManager: Display: Found up-to-date module file ../../../Engine/Plugins/Media/MediaCompositing/Binaries/Win64/UE4Editor-MediaCompositing.dll (API version 3709383).
LogModuleManager: Display: Found up-to-date module file ../../../Engine/Plugins/Media/MediaCompositing/Binaries/Win64/UE4Editor-MediaCompositingEditor.dll (API version 3709383).
LogModuleManager: Display: Found up-to-date module file ../../../Engine/Plugins/Media/MediaPlayerEditor/Binaries/Win64/UE4Editor-MediaPlayerEditor.dll (API version 3709383).
LogModuleManager: Display: Found up-to-date module file ../../../Engine/Plugins/Media/WmfMedia/Binaries/Win64/UE4Editor-WmfMedia.dll (API version 3709383).
LogModuleManager: Display: Found up-to-date module file ../../../Engine/Plugins/Media/WmfMedia/Binaries/Win64/UE4Editor-WmfMediaEditor.dll (API version 3709383).
LogModuleManager: Display: Found up-to-date module file ../../../Engine/Plugins/Media/WmfMedia/Binaries/Win64/UE4Editor-WmfMediaFactory.dll (API version 3709383).
LogModuleManager: Display: Found up-to-date module file ../../../Engine/Plugins/Media/WmfMedia/Binaries/Win64/UE4Editor-WmfMediaFactory.dll (API version 3709383).
LogModuleManager: Display: Found up-to-date module file ../../../Engine/Plugins/Messaging/TcpMessaging/Binaries/Win64/UE4Editor-TcpMessaging.dll (API version 3709383).
LogModuleManager: Display: Found up-to-date module file ../../../Engine/Plugins/Messaging/UdpMessaging/Binaries/Win64/UE4Editor-UdpMessaging.dll (API version 3709383).
LogModuleManager: Display: Found up-to-date module file ../../../Engine/Plugins/MovieScene/ActorSequence/Binaries/Win64/UE4Editor-ActorSequence.dll (API version 3709383).
LogModuleManager: Display: Found up-to-date module file ../../../Engine/Plugins/MovieScene/LevelSequenceEditor/Binaries/Win64/UE4Editor-LevelSequenceEditor.dll (API version 3709383).
LogModuleManager: Display: Found up-to-date module file ../../../Engine/Plugins/MovieScene/MatineeToLevelSequence/Binaries/Win64/UE4Editor-MatineeToLevelSequence.dll (API version 3709383).
LogModuleManager: Display: Found up-to-date module file ../../../Engine/Plugins/Online/OnlineSubsystem/Binaries/Win64/UE4Editor-OnlineSubsystem.dll (API version 3709383).
LogModuleManager: Display: Found up-to-date module file ../../../Engine/Plugins/Runtime/AndroidPermission/Binaries/Win64/UE4Editor-AndroidPermission.dll (API version 3709383).
LogModuleManager: Display: Found up-to-date module file ../../../Engine/Plugins/Online/OnlineSubsystemNull/Binaries/Win64/UE4Editor-OnlineSubsystemNull.dll (API version 3709383).
LogModuleManager: Display: Found up-to-date module file ../../../Engine/Plugins/Online/OnlineSubsystemUtils/Binaries/Win64/UE4Editor-OnlineSubsystemUtils.dll (API version 3709383).
LogModuleManager: Display: Found up-to-date module file ../../../Engine/Plugins/Online/OnlineSubsystemUtils/Binaries/Win64/UE4Editor-OnlineBlueprintSupport.dll (API version 3709383).
LogModuleManager: Display: Found up-to-date module file ../../../Engine/Plugins/Runtime/AndroidDeviceProfileSelector/Binaries/Win64/UE4Editor-AndroidDeviceProfileSelector.dll (API version 3709383).
LogModuleManager: Display: Found up-to-date module file ../../../Engine/Plugins/Runtime/AppleARKit/Binaries/Win64/UE4Editor-AppleARKit.dll (API version 3709383).
LogModuleManager: Display: Found up-to-date module file ../../../Engine/Plugins/Runtime/ArchVisCharacter/Binaries/Win64/UE4Editor-ArchVisCharacter.dll (API version 3709383).
LogModuleManager: Display: Found up-to-date module file ../../../Engine/Plugins/Runtime/CableComponent/Binaries/Win64/UE4Editor-CableComponent.dll (API version 3709383).
LogModuleManager: Display: Found up-to-date module file ../../../Engine/Plugins/Runtime/CustomMeshComponent/Binaries/Win64/UE4Editor-CustomMeshComponent.dll (API version 3709383).
LogModuleManager: Display: Found up-to-date module file ../../../Engine/Plugins/Runtime/ExampleDeviceProfileSelector/Binaries/Win64/UE4Editor-ExampleDeviceProfileSelector.dll (API version 3709383).
LogModuleManager: Display: Found up-to-date module file ../../../Engine/Plugins/Runtime/ImmediatePhysics/Binaries/Win64/UE4Editor-ImmediatePhysics.dll (API version 3709383).
LogModuleManager: Display: Found up-to-date module file ../../../Engine/Plugins/Runtime/ImmediatePhysics/Binaries/Win64/UE4Editor-ImmediatePhysicsEditor.dll (API version 3709383).
LogModuleManager: Display: Found up-to-date module file ../../../Engine/Plugins/Runtime/LocationServicesBPLibrary/Binaries/Win64/UE4Editor-LocationServicesBPLibrary.dll (API version 3709383).
LogModuleManager: Display: Found up-to-date module file ../../../Engine/Plugins/Runtime/MobilePatchingUtils/Binaries/Win64/UE4Editor-MobilePatchingUtils.dll (API version 3709383).
LogModuleManager: Display: Found up-to-date module file ../../../Engine/Plugins/Runtime/Oculus/OculusVR/Binaries/Win64/UE4Editor-OculusHMD.dll (API version 3709383).
LogModuleManager: Display: Found up-to-date module file ../../../Engine/Plugins/Runtime/Oculus/OculusVR/Binaries/Win64/UE4Editor-OculusInput.dll (API version 3709383).
LogModuleManager: Display: Found up-to-date module file ../../../Engine/Plugins/Runtime/Oculus/OculusVR/Binaries/Win64/UE4Editor-OculusEditor.dll (API version 3709383).
LogModuleManager: Display: Found up-to-date module file ../../../Engine/Plugins/Runtime/PhysXVehicles/Binaries/Win64/UE4Editor-PhysXVehicles.dll (API version 3709383).
LogModuleManager: Display: Found up-to-date module file ../../../Engine/Plugins/Runtime/PhysXVehicles/Binaries/Win64/UE4Editor-PhysXVehiclesEditor.dll (API version 3709383).
LogModuleManager: Display: Found up-to-date module file ../../../Engine/Plugins/Runtime/ProceduralMeshComponent/Binaries/Win64/UE4Editor-ProceduralMeshComponent.dll (API version 3709383).
LogModuleManager: Display: Found up-to-date module file ../../../Engine/Plugins/Runtime/ProceduralMeshComponent/Binaries/Win64/UE4Editor-ProceduralMeshComponentEditor.dll (API version 3709383).
LogModuleManager: Display: Found up-to-date module file ../../../Engine/Plugins/Runtime/RuntimePhysXCooking/Binaries/Win64/UE4Editor-RuntimePhysXCooking.dll (API version 3709383).
LogModuleManager: Display: Found up-to-date module file ../../../Engine/Plugins/Runtime/Steam/SteamVR/Binaries/Win64/UE4Editor-SteamVR.dll (API version 3709383).
LogModuleManager: Display: Found up-to-date module file ../../../Engine/Plugins/Runtime/Steam/SteamVR/Binaries/Win64/UE4Editor-SteamVRController.dll (API version 3709383).
LogModuleManager: Display: Found up-to-date module file ../../../Engine/Plugins/Runtime/WindowsMoviePlayer/Binaries/Win64/UE4Editor-WindowsMoviePlayer.dll (API version 3709383).
LogPluginManager: Mounting plugin Paper2D
LogPluginManager: Mounting plugin LightPropagationVolume
LogPluginManager: Mounting plugin CodeLiteSourceCodeAccess
LogPluginManager: Mounting plugin GitSourceControl
LogPluginManager: Mounting plugin KDevelopSourceCodeAccess
LogPluginManager: Mounting plugin NullSourceCodeAccess
LogPluginManager: Mounting plugin PerforceSourceControl
LogPluginManager: Mounting plugin SubversionSourceControl
LogPluginManager: Mounting plugin UObjectPlugin
LogPluginManager: Mounting plugin VisualStudioCodeSourceCodeAccess
LogPluginManager: Mounting plugin VisualStudioSourceCodeAccess
LogPluginManager: Mounting plugin XCodeSourceCodeAccess
LogPluginManager: Mounting plugin AssetManagerEditor
LogPluginManager: Mounting plugin AudioCapture
LogPluginManager: Mounting plugin FacialAnimation
LogPluginManager: Mounting plugin GameplayTagsEditor
LogPluginManager: Mounting plugin MobileLauncherProfileWizard
LogPluginManager: Mounting plugin PluginBrowser
LogPluginManager: Mounting plugin SpeedTreeImporter
LogPluginManager: Mounting plugin AlembicImporter
LogPluginManager: Mounting plugin CharacterAI
LogPluginManager: Mounting plugin HTML5Networking
LogPluginManager: Mounting plugin AndroidMedia
LogPluginManager: Mounting plugin AvfMedia
LogPluginManager: Mounting plugin ImgMedia
LogPluginManager: Mounting plugin MediaCompositing
LogPluginManager: Mounting plugin MediaPlayerEditor
LogPluginManager: Mounting plugin WmfMedia
LogPluginManager: Mounting plugin TcpMessaging
LogPluginManager: Mounting plugin UdpMessaging
LogPluginManager: Mounting plugin ActorSequence
LogPluginManager: Mounting plugin LevelSequenceEditor
LogPluginManager: Mounting plugin MatineeToLevelSequence
LogPluginManager: Mounting plugin OnlineSubsystemGooglePlay
LogPluginManager: Mounting plugin OnlineSubsystemIOS
LogPluginManager: Mounting plugin OnlineSubsystem
LogPluginManager: Mounting plugin OnlineSubsystemNull
LogPluginManager: Mounting plugin OnlineSubsystemUtils
LogPluginManager: Mounting plugin AndroidDeviceProfileSelector
LogPluginManager: Mounting plugin AndroidMoviePlayer
LogPluginManager: Mounting plugin AndroidPermission
LogPluginManager: Mounting plugin AppleARKit
LogPluginManager: Mounting plugin AppleMoviePlayer
LogPluginManager: Mounting plugin ArchVisCharacter
LogPluginManager: Mounting plugin CableComponent
LogPluginManager: Mounting plugin CustomMeshComponent
LogPluginManager: Mounting plugin ExampleDeviceProfileSelector
LogPluginManager: Mounting plugin GoogleCloudMessaging
LogPluginManager: Mounting plugin ImmediatePhysics
LogPluginManager: Mounting plugin IOSDeviceProfileSelector
LogPluginManager: Mounting plugin LinuxDeviceProfileSelector
LogPluginManager: Mounting plugin LocationServicesBPLibrary
LogPluginManager: Mounting plugin MobilePatchingUtils
LogPluginManager: Mounting plugin OculusVR
LogPluginManager: Plugin shader directory ../../../Engine/Plugins/Runtime/Oculus/OculusVR/Shaders found
LogPluginManager: Mapping shader source directory ../../../Engine/Plugins/Runtime/Oculus/OculusVR/Shaders to virtual directory /Plugin/OculusVR
LogPluginManager: Mounting plugin PhysXVehicles
LogPluginManager: Mounting plugin ProceduralMeshComponent
LogPluginManager: Mounting plugin RuntimePhysXCooking
LogPluginManager: Mounting plugin SteamVR
LogPluginManager: Mounting plugin WindowsMoviePlayer
LogInit: Using libcurl 7.47.1
LogInit:  - built for x86_64-pc-win32
LogInit:  - supports SSL with OpenSSL/1.0.2g
LogInit:  - supports HTTP deflate (compression) using libz 1.2.8
LogInit:  - other features:
LogInit:      CURL_VERSION_SSL
LogInit:      CURL_VERSION_LIBZ
LogInit:      CURL_VERSION_IPV6
LogInit:      CURL_VERSION_ASYNCHDNS
LogInit:      CURL_VERSION_LARGEFILE
LogInit:      CURL_VERSION_IDN
LogInit:  CurlRequestOptions (configurable via config and command line):
LogInit:  - bVerifyPeer = false  - Libcurl will NOT verify peer certificate
LogInit:  - bUseHttpProxy = false  - Libcurl will NOT use HTTP proxy
LogInit:  - bDontReuseConnections = false  - Libcurl will reuse connections
LogInit:  - CertBundlePath = nullptr  - Libcurl will use whatever was configured at build time.
LogInit: Build: ++UE4+Release-4.18-CL-3709383
LogInit: Engine Version: 4.18.0-3709383+++UE4+Release-4.18
LogInit: Compatible Engine Version: 4.18.0-3709383+++UE4+Release-4.18
LogInit: Net CL: 3709383
LogDevObjectVersion: Number of dev versions registered: 16
LogDevObjectVersion:   Dev-Blueprints (B0D832E4-1F89-4F0D-ACCF-7EB736FD4AA2): 10
LogDevObjectVersion:   Dev-Build (E1C64328-A22C-4D53-A36C-8E866417BD8C): 0
LogDevObjectVersion:   Dev-Core (375EC13C-06E4-48FB-B500-84F0262A717E): 2
LogDevObjectVersion:   Dev-Editor (E4B068ED-F494-42E9-A231-DA0B2E46BB41): 20
LogDevObjectVersion:   Dev-Framework (CFFC743F-43B0-4480-9391-14DF171D2073): 30
LogDevObjectVersion:   Dev-Mobile (B02B49B5-BB20-44E9-A304-32B752E40360): 0
LogDevObjectVersion:   Dev-Networking (A4E4105C-59A1-49B5-A7C5-40C4547EDFEE): 0
LogDevObjectVersion:   Dev-Online (39C831C9-5AE6-47DC-9A44-9C173E1C8E7C): 0
LogDevObjectVersion:   Dev-Physics (78F01B33-EBEA-4F98-B9B4-84EACCB95AA2): 0
LogDevObjectVersion:   Dev-Platform (6631380F-2D4D-43E0-8009-CF276956A95A): 0
LogDevObjectVersion:   Dev-Rendering (12F88B9F-8875-4AFC-A67C-D90C383ABD29): 20
LogDevObjectVersion:   Dev-Sequencer (7B5AE74C-D270-4C10-A958-57980B212A5A): 4
LogDevObjectVersion:   Dev-VR (D7296918-1DD6-4BDD-9DE2-64A83CC13884): 0
LogDevObjectVersion:   Dev-LoadTimes (C2A15278-BFE7-4AFE-6C17-90FF531DF755): 1
LogDevObjectVersion:   Private-Geometry (6EACA3D4-40EC-4CC1-B786-8BED09428FC5): 1
LogDevObjectVersion:   Dev-AnimPhys (29E575DD-E0A3-4627-9D10-D276232CDCEA): 12
LogInit: Compiled (64-bit): Oct 20 2017 10:39:19
LogInit: Compiled with Visual C++: 19.00.24215.01
LogInit: Build Configuration: Development
LogInit: Branch Name: ++UE4+Release-4.18
LogInit: Command line: -EpicPortal 
LogInit: Base directory: C:/Program Files/Epic Games/UE_4.18/Engine/Binaries/Win64/
LogInit: Installed Engine Build: 1
LogInit: Presizing for max 8388607 objects, including 0 objects not considered by GC, pre-allocating 0 bytes for permanent pool.
LogInit: Object subsystem initialized
[2017.10.31-13.52.11:680][  0]LogInit: Selected Device Profile: [Windows]
[2017.10.31-13.52.11:680][  0]LogInit: Applying CVar settings loaded from the selected device profile: [Windows]
[2017.10.31-13.52.11:695][  0]LogInit: Computer: SMARTANS-PC
[2017.10.31-13.52.11:695][  0]LogInit: User: SMARTANS
[2017.10.31-13.52.11:695][  0]LogInit: CPU Page size=4096, Cores=2
[2017.10.31-13.52.11:695][  0]LogInit: High frequency timer resolution =2.531254 MHz
[2017.10.31-13.52.11:695][  0]LogMemory: Memory total: Physical=15.9GB (16GB approx)
[2017.10.31-13.52.11:695][  0]LogMemory: Platform Memory Stats for Windows
[2017.10.31-13.52.11:695][  0]LogMemory: Process Physical Memory: 271.18 MB used, 271.18 MB peak
[2017.10.31-13.52.11:695][  0]LogMemory: Process Virtual Memory: 269.14 MB used, 269.14 MB peak
[2017.10.31-13.52.11:695][  0]LogMemory: Physical Memory: 6018.49 MB used,  10243.04 MB free, 16261.53 MB total
[2017.10.31-13.52.11:695][  0]LogMemory: Virtual Memory: 639.86 MB used,  10243.04 MB free, 134217728.00 MB total
[2017.10.31-13.52.11:908][  0]LogInit: Using OS detected language (en-US).
[2017.10.31-13.52.11:908][  0]LogInit: Using OS detected locale (en-US).
[2017.10.31-13.52.11:912][  0]LogTextLocalizationManager: No specific localization for 'en-US' exists, so the 'en' localization will be used.
[2017.10.31-13.52.12:385][  0]LogInit: Setting process to per monitor DPI aware
[2017.10.31-13.52.12:801][  0]LogD3D11RHI: D3D11 adapters:
[2017.10.31-13.52.12:811][  0]LogD3D11RHI:    0. 'Intel(R) HD Graphics 520' (Feature Level 11_0)
[2017.10.31-13.52.12:811][  0]LogD3D11RHI:       128/0/8130 MB DedicatedVideo/DedicatedSystem/SharedSystem, Outputs:1, VendorId:0x8086
[2017.10.31-13.52.12:812][  0]LogD3D11RHI:    1. 'Microsoft Basic Render Driver' (Feature Level 11_0)
[2017.10.31-13.52.12:812][  0]LogD3D11RHI:       0/0/8130 MB DedicatedVideo/DedicatedSystem/SharedSystem, Outputs:0, VendorId:0x1414
[2017.10.31-13.52.12:812][  0]LogD3D11RHI: Chosen D3D11 Adapter: 0
[2017.10.31-13.52.12:819][  0]LogD3D11RHI: Creating new Direct3DDevice
[2017.10.31-13.52.12:819][  0]LogD3D11RHI:     GPU DeviceId: 0x1916 (for the marketing name, search the web for "GPU Device Id")
[2017.10.31-13.52.12:819][  0]LogWindows: EnumDisplayDevices:
[2017.10.31-13.52.12:819][  0]LogWindows:    0. 'Intel(R) HD Graphics 520' (P:1 D:1)
[2017.10.31-13.52.12:819][  0]LogWindows:    1. 'Intel(R) HD Graphics 520' (P:0 D:0)
[2017.10.31-13.52.12:820][  0]LogWindows:    2. 'Intel(R) HD Graphics 520' (P:0 D:0)
[2017.10.31-13.52.12:820][  0]LogWindows: DebugString: FoundDriverCount:3 
[2017.10.31-13.52.12:820][  0]LogD3D11RHI:     Adapter Name: Intel(R) HD Graphics 520
[2017.10.31-13.52.12:820][  0]LogD3D11RHI:   Driver Version: 21.20.16.4542 (internal:21.20.16.4542, unified:21.20.16.4542)
[2017.10.31-13.52.12:820][  0]LogD3D11RHI:      Driver Date: 10-24-2016
[2017.10.31-13.52.12:820][  0]LogRHI: Texture pool is 1523 MB (70% of 2176 MB)
[2017.10.31-13.52.12:828][  0]LogD3D11RHI: Async texture creation enabled
[2017.10.31-13.52.12:835][  0]LogD3D11RHI: GPU Timing Frequency: 12.000000 (Debug: 2 0)
[2017.10.31-13.52.12:837][  0]LogShaderCompilers: Guid format shader working directory is -30 characters bigger than the processId version (../../../../../../Users/SMARTANS/Documents/Battle-Tank/03_BattleTank/BattleTank/Intermediate/Shaders/WorkingDirectory/4468/).
[2017.10.31-13.52.12:837][  0]LogShaderCompilers: Cleaned the shader compiler working directory 'C:/Users/SMARTANS/AppData/Local/Temp/UnrealShaderWorkingDir/EF3C01AD4EFC68D7635D569F1FDDC539/'.
[2017.10.31-13.52.12:837][  0]LogShaderCompilers: Display: Using Local Shader Compiler.
[2017.10.31-13.52.13:919][  0]LogTemp: Display: Loaded TP AllDesktopTargetPlatform
[2017.10.31-13.52.13:995][  0]LogTemp: Display: Loaded TP MacClientTargetPlatform
[2017.10.31-13.52.14:068][  0]LogTemp: Display: Loaded TP MacNoEditorTargetPlatform
[2017.10.31-13.52.14:140][  0]LogTemp: Display: Loaded TP MacServerTargetPlatform
[2017.10.31-13.52.14:212][  0]LogTemp: Display: Loaded TP MacTargetPlatform
[2017.10.31-13.52.14:283][  0]LogTemp: Display: Loaded TP WindowsClientTargetPlatform
[2017.10.31-13.52.14:359][  0]LogTemp: Display: Loaded TP WindowsNoEditorTargetPlatform
[2017.10.31-13.52.14:430][  0]LogTemp: Display: Loaded TP WindowsServerTargetPlatform
[2017.10.31-13.52.14:492][  0]LogTemp: Display: Loaded TP WindowsTargetPlatform
[2017.10.31-13.52.14:564][  0]LogTemp: Display: Loaded TP Android_ASTCTargetPlatform
[2017.10.31-13.52.14:632][  0]LogTemp: Display: Loaded TP Android_ATCTargetPlatform
[2017.10.31-13.52.14:701][  0]LogTemp: Display: Loaded TP Android_DXTTargetPlatform
[2017.10.31-13.52.14:769][  0]LogTemp: Display: Loaded TP Android_ETC1TargetPlatform
[2017.10.31-13.52.14:837][  0]LogTemp: Display: Loaded TP Android_ETC2TargetPlatform
[2017.10.31-13.52.14:984][  0]LogTemp: Display: Loaded TP Android_MultiTargetPlatform
[2017.10.31-13.52.14:984][  0]LogTemp: Display: Loaded TP Android_PVRTCTargetPlatform
[2017.10.31-13.52.15:065][  0]LogTemp: Display: Loaded TP AndroidTargetPlatform
[2017.10.31-13.52.15:132][  0]LogTemp: Display: Loaded TP HTML5TargetPlatform
[2017.10.31-13.52.15:248][  0]LogTemp: Display: Loaded TP IOSTargetPlatform
[2017.10.31-13.52.15:283][  0]LogTemp: Display: Loaded TP TVOSTargetPlatform
[2017.10.31-13.52.15:351][  0]LogTemp: Display: Loaded TP LinuxClientTargetPlatform
[2017.10.31-13.52.15:420][  0]LogTemp: Display: Loaded TP LinuxNoEditorTargetPlatform
[2017.10.31-13.52.15:491][  0]LogTemp: Display: Loaded TP LinuxServerTargetPlatform
[2017.10.31-13.52.15:560][  0]LogTemp: Display: Loaded TP LinuxTargetPlatform
[2017.10.31-13.52.15:560][  0]LogTargetPlatformManager: Display: Building Assets For Windows
[2017.10.31-13.52.16:196][  0]LogDerivedDataCache: Display: Max Cache Size: 512 MB
[2017.10.31-13.52.16:290][  0]LogDerivedDataCache: Loaded boot cache 0.09s 69MB C:/Users/SMARTANS/AppData/Local/UnrealEngine/4.18/DerivedDataCache/Boot.ddc.
[2017.10.31-13.52.16:290][  0]LogDerivedDataCache: Display: Loaded Boot cache: C:/Users/SMARTANS/AppData/Local/UnrealEngine/4.18/DerivedDataCache/Boot.ddc
[2017.10.31-13.52.16:290][  0]LogDerivedDataCache: FDerivedDataBackendGraph:  Pak pak cache file ../../../../../../Users/SMARTANS/Documents/Battle-Tank/03_BattleTank/BattleTank/DerivedDataCache/DDC.ddp not found, will not use a pak cache.
[2017.10.31-13.52.16:290][  0]LogDerivedDataCache: Unable to find inner node Pak for hierarchical cache Hierarchy.
[2017.10.31-13.52.16:290][  0]LogDerivedDataCache: FDerivedDataBackendGraph:  CompressedPak pak cache file ../../../../../../Users/SMARTANS/Documents/Battle-Tank/03_BattleTank/BattleTank/DerivedDataCache/Compressed.ddp not found, will not use a pak cache.
[2017.10.31-13.52.16:290][  0]LogDerivedDataCache: Unable to find inner node CompressedPak for hierarchical cache Hierarchy.
[2017.10.31-13.52.16:309][  0]LogDerivedDataCache: Display: Pak cache opened for reading ../../../Engine/DerivedDataCache/Compressed.ddp.
[2017.10.31-13.52.16:322][  0]LogDerivedDataCache: Using Local data cache path C:/Users/SMARTANS/AppData/Local/UnrealEngine/Common/DerivedDataCache: Writable
[2017.10.31-13.52.16:337][  0]LogMaterial: Verifying Global Shaders for PCD3D_SM5
[2017.10.31-13.52.16:338][  0]LogSlate: Using Freetype 2.6.0
[2017.10.31-13.52.16:339][  0]LogSlate: SlateFontCache - WITH_FREETYPE: 1, WITH_HARFBUZZ: 1
[2017.10.31-13.52.16:339][  0]LogSlate: SlateFontCache - WITH_FREETYPE: 1, WITH_HARFBUZZ: 1
[2017.10.31-13.52.16:802][  0]LogInit: Selected Device Profile: [Windows]
[2017.10.31-13.52.17:254][  0]LogSimplygon: Simplygon DLL not present - disabling.
[2017.10.31-13.52.17:312][  0]LogMeshReduction: Using SimplygonSwarm for distributed automatic mesh merging
[2017.10.31-13.52.17:312][  0]LogMeshReduction: Using QuadricMeshReduction for automatic static mesh reduction
[2017.10.31-13.52.17:312][  0]LogMeshReduction: No automatic skeletal mesh reduction module available
[2017.10.31-13.52.17:312][  0]LogMeshReduction: No automatic mesh merging module available
[2017.10.31-13.52.17:312][  0]LogMeshMerging: No automatic mesh merging module available
[2017.10.31-13.52.17:351][  0]LogNetVersion: BattleTank , NetCL: 3709383, EngineNetVer: 2, GameNetVer: 0 (Checksum: 4024180158)
[2017.10.31-13.52.17:601][  0]LogAssetRegistry: FAssetRegistry took 0.0271 seconds to start up
[2017.10.31-13.52.18:387][  0]LogPackageLocalizationCache: Processed 7 localized package path(s) for 2 prioritized culture(s) in 0.112233 seconds
[2017.10.31-13.52.18:394][  0]LogUObjectArray: 35900 objects as part of root set at end of initial load.
[2017.10.31-13.52.18:394][  0]LogUObjectAllocator: 7372024 out of 0 bytes used by permanent object pool.
[2017.10.31-13.52.18:394][  0]LogUObjectArray: CloseDisregardForGC: 0/0 objects in disregard for GC pool
[2017.10.31-13.52.18:494][  0]LogInit: WinSock: version 1.1 (2.2), MaxSocks=32767, MaxUdp=65467
[2017.10.31-13.52.22:780][  0]LogTcpMessaging: Initializing TcpMessaging bridge
[2017.10.31-13.52.22:853][  0]LogUdpMessaging: Initializing bridge on interface 0.0.0.0:0 to multicast group 230.0.0.1:6666.
[2017.10.31-13.52.23:888][  0]LogMaterial: Uniform references updated for custom material expression Custom.
[2017.10.31-13.52.24:534][  0]SourceControl: Source control is disabled
[2017.10.31-13.52.24:534][  0]SourceControl: Source control is disabled
[2017.10.31-13.52.24:614][  0]SourceControl: Source control is disabled
[2017.10.31-13.52.24:696][  0]SourceControl: Source control is disabled
[2017.10.31-13.52.25:953][  0]LogAndroidPermission: UAndroidPermissionCallbackProxy::GetInstance
[2017.10.31-13.52.26:364][  0]LogOcInput: OculusInput pre-init called
[2017.10.31-13.52.26:836][  0]LogEngine: Initializing Engine...
[2017.10.31-13.52.26:839][  0]LogHMD: Failed to initialize OpenVR with code 110
[2017.10.31-13.52.27:158][  0]LogStats: UGameplayTagsManager::ConstructGameplayTagTree: Construct from data asset -  0.000 s
[2017.10.31-13.52.27:158][  0]LogStats: UGameplayTagsManager::ConstructGameplayTagTree: GameplayTagTreeChangedEvent.Broadcast -  0.000 s
[2017.10.31-13.52.27:355][  0]LogAIModule: Creating AISystem for world Untitled
[2017.10.31-13.52.27:374][  0]LogInit: XAudio2 using 'Speakers (Conexant ISST Audio)' : 2 channels at 48 kHz using 32 bits per sample (channel mask 0x3)
[2017.10.31-13.52.27:386][  0]LogInit: FAudioDevice initialized.
[2017.10.31-13.52.27:467][  0]LogDerivedDataCache: Saved boot cache 0.08s 78MB C:/Users/SMARTANS/AppData/Local/UnrealEngine/4.18/DerivedDataCache/Boot.ddc.
[2017.10.31-13.52.27:489][  0]LogInit: Texture streaming: Enabled
[2017.10.31-13.52.27:634][  0]LogEngineSessionManager: EngineSessionManager initialized
[2017.10.31-13.52.27:835][  0]LogInit: Transaction tracking system initialized
[2017.10.31-13.52.28:317][  0]BlueprintLog: New page: Editor Load
[2017.10.31-13.52.29:699][  0]LocalizationService: Localization service is disabled
[2017.10.31-13.52.30:655][  0]LogLinker: Warning: Can't find file '/Game/FirstPersonBP/FirstPersonOverview'
[2017.10.31-13.52.30:655][  0]LogLinker: Warning: Can't find file '/Game/FirstPersonBP/FirstPersonOverview'
[2017.10.31-13.52.30:655][  0]LogUObjectGlobals: Warning: Failed to find object 'Class /Game/FirstPersonBP/FirstPersonOverview.FirstPersonOverview_C'
[2017.10.31-13.52.31:031][  0]LogConsoleResponse: Display: 
[2017.10.31-13.52.31:327][  0]LogFileCache: Scanning file cache for directory 'C:/Users/SMARTANS/Documents/Battle-Tank/03_BattleTank/BattleTank/Content/' took 0.01s
[2017.10.31-13.52.31:328][  0]LogCook: Display: Max memory allowance for cook 16384mb min free memory 0mb
[2017.10.31-13.52.31:328][  0]LogCook: Display: Mobile HDR setting 1
[2017.10.31-13.52.31:328][  0]LogGameplayTags: Display: UGameplayTagsManager::DoneAddingNativeTags. DelegateIsBound: 0
[2017.10.31-13.52.33:286][  0]SourceControl: Source control is disabled
[2017.10.31-13.52.33:286][  0]Cmd: MAP LOAD FILE="../../../Engine/Content/Maps/Templates/Template_Default.umap" TEMPLATE=1 SHOWPROGRESS=1 FEATURELEVEL=3
[2017.10.31-13.52.33:286][  0]LightingResults: New page: Lighting Build
[2017.10.31-13.52.33:346][  0]MapCheck: New page: Map Check
[2017.10.31-13.52.33:346][  0]LightingResults: New page: Lighting Build
[2017.10.31-13.52.33:641][  0]LogAIModule: Creating AISystem for world Untitled_1
[2017.10.31-13.52.33:648][  0]LogEditorServer: Finished looking for orphan Actors (0.000 secs)
[2017.10.31-13.52.33:675][  0]Cmd: MAP CHECKDEP NOCLEARLOG
[2017.10.31-13.52.33:761][  0]MapCheck: Map check complete: 0 Error(s), 0 Warning(s), took 85.91ms to complete.
[2017.10.31-13.52.33:762][  0]LogFileHelpers: Loading map 'Template_Default' took 0.475
[2017.10.31-13.52.33:834][  0]LogWindowsTextInputMethodSystem: Display: IME system now deactivated.
[2017.10.31-13.52.33:834][  0]LogWindowsTextInputMethodSystem: Display: IME system now deactivated.
[2017.10.31-13.52.34:117][  0]LogCollectionManager: Loaded 0 collections in 0.001840 seconds
[2017.10.31-13.52.34:249][  0]LogFileCache: Scanning file cache for directory 'C:/Users/SMARTANS/Documents/Battle-Tank/03_BattleTank/BattleTank/Saved/Collections/' took 0.01s
[2017.10.31-13.52.34:249][  0]LogFileCache: Scanning file cache for directory 'C:/Users/SMARTANS/Documents/Battle-Tank/03_BattleTank/BattleTank/Content/Developers/SMARTANS/Collections/' took 0.01s
[2017.10.31-13.52.34:249][  0]LogFileCache: Scanning file cache for directory 'C:/Users/SMARTANS/Documents/Battle-Tank/03_BattleTank/BattleTank/Content/Collections/' took 0.01s
[2017.10.31-13.52.34:249][  0]LogCollectionManager: Rebuilt the GUID cache for 0 collections in 0.000002 seconds
[2017.10.31-13.52.34:262][  0]LogContentBrowser: Native class hierarchy populated in 0.0109 seconds. Added 2364 classes and 521 folders.
[2017.10.31-13.52.34:363][  0]LogContentBrowser: Native class hierarchy updated for 'WidgetCarousel' in 0.0003 seconds. Added 0 classes and 0 folders.
[2017.10.31-13.52.34:959][  0]LogContentBrowser: Native class hierarchy updated for 'AddContentDialog' in 0.0003 seconds. Added 0 classes and 0 folders.
[2017.10.31-13.52.35:026][  0]LogSlate: Took 0.000246 seconds to synchronously load lazily loaded font '../../../Engine/Content/Slate/Fonts/Roboto-Regular.ttf' (155K)
[2017.10.31-13.52.35:034][  0]LogSlate: Took 0.000676 seconds to synchronously load lazily loaded font '../../../Engine/Content/Slate/Fonts/Roboto-Bold.ttf' (160K)
[2017.10.31-13.52.35:045][  0]LogSlate: Took 0.006863 seconds to synchronously load lazily loaded font '../../../Engine/Content/Editor/Slate/Fonts/FontAwesome.ttf' (139K)
[2017.10.31-13.52.35:101][  0]LogMaterial: Missing cached shader map for material LevelGridMaterial2, compiling. 
[2017.10.31-13.52.35:238][  0]LogRenderer: Reallocating scene render targets to support 772x380 Format 10 NumSamples 1 (Frame:1).
[2017.10.31-13.52.36:832][  0]LogContentBrowser: Native class hierarchy updated for 'HierarchicalLODOutliner' in 0.0007 seconds. Added 1 classes and 2 folders.
[2017.10.31-13.52.36:832][  0]LogLoad: (Engine Initialization) Total time: 28.53 seconds
[2017.10.31-13.52.36:832][  0]LogLoad: (Engine Initialization) Total Blueprint compile time: 0.00 seconds
[2017.10.31-13.52.36:832][  0]LogExternalProfiler: No external profilers were discovered.  External profiling features will not be available.
[2017.10.31-13.52.36:887][  0]LogContentStreaming: Texture pool size now 1000 MB
[2017.10.31-13.52.37:016][  2]LogAssetRegistry: Asset discovery search completed in 19.4372 seconds
[2017.10.31-13.52.37:020][  2]LogCollectionManager: Rebuilt the object cache for 0 collections in 0.000000 seconds (found 0 objects)
[2017.10.31-13.52.37:020][  2]LogCollectionManager: Fixed up redirectors for 0 collections in 0.000109 seconds (updated 0 objects)
[2017.10.31-13.55.05:304][811]LogSlate: Took 0.000224 seconds to synchronously load lazily loaded font '../../../Engine/Content/Slate/Fonts/Roboto-Light.ttf' (159K)
[2017.10.31-13.55.05:402][811]LogSavePackage: Save=45.09ms
[2017.10.31-13.55.05:402][811]LogSavePackage: Moving '../../../../../../Users/SMARTANS/Documents/Battle-Tank/03_BattleTank/BattleTank/Saved/BattleGroundFBDE2816427832575F025DA43137C860.tmp' to '../../../../../../Users/SMARTANS/Documents/Battle-Tank/03_BattleTank/BattleTank/Content/BattleGround.umap'
[2017.10.31-13.55.05:404][811]LogSavePackage: Display: Finished SavePackage ../../../../../../Users/SMARTANS/Documents/Battle-Tank/03_BattleTank/BattleTank/Content/BattleGround.umap
[2017.10.31-13.55.05:446][811]Cmd: OBJ SAVEPACKAGE PACKAGE="/Game/BattleGround_BuiltData" FILE="../../../../../../Users/SMARTANS/Documents/Battle-Tank/03_BattleTank/BattleTank/Content/BattleGround_BuiltData.uasset" SILENT=true
[2017.10.31-13.55.05:475][811]LogSavePackage: Save=25.52ms
[2017.10.31-13.55.05:475][811]LogSavePackage: Moving '../../../../../../Users/SMARTANS/Documents/Battle-Tank/03_BattleTank/BattleTank/Saved/BattleGround_BuiltData56743C624F77A35DFC862995265E96D7.tmp' to '../../../../../../Users/SMARTANS/Documents/Battle-Tank/03_BattleTank/BattleTank/Content/BattleGround_BuiltData.uasset'
[2017.10.31-13.55.05:478][811]LogSavePackage: Display: Finished SavePackage ../../../../../../Users/SMARTANS/Documents/Battle-Tank/03_BattleTank/BattleTank/Content/BattleGround_BuiltData.uasset
[2017.10.31-13.55.05:488][811]LogFileHelpers: Saving map 'BattleGround' took 0.279
[2017.10.31-13.58.43:778][653]LogSlate: Only BGRA pngs, bmps or icos are supported in by External Image Picker
[2017.10.31-13.58.43:904][656]LogTemp: Executing iPhonePackager certificates Engine -bundlename com.YourCompany.BattleTank
[2017.10.31-13.58.43:904][656]LogTemp: CWD: C:\Program Files\Epic Games\UE_4.18\Engine\Binaries\DotNET\IOS
[2017.10.31-13.58.43:904][656]LogTemp: Initial Dir: C:\Program Files\Epic Games\UE_4.18
[2017.10.31-13.58.43:904][656]LogTemp: Env CWD: C:\Program Files\Epic Games\UE_4.18\Engine\Binaries\DotNET\IOS
[2017.10.31-13.58.43:915][656]LogTemp: BranchPath = SMARTANS-PC/C/Program Files/Epic Games/UE_4.18/Engine/Binaries --- GameBranchPath = SMARTANS-PC/C/Program Files/Epic Games/UE_4.18/Engine/Binaries
[2017.10.31-13.58.43:943][656]LogTemp: IPP ERROR: Could not find provision directory 'C:\Users\SMARTANS\AppData\Local/Apple Computer/MobileDevice/Provisioning Profiles/'.
[2017.10.31-13.59.15:557][ 74]LogSlate: Took 0.000361 seconds to synchronously load lazily loaded font '../../../Engine/Content/Slate/Fonts/Roboto-Light.ttf' (159K)
[2017.10.31-13.59.40:235][429]LogEditorViewport: Clicking on Actor (LMB): StaticMeshActor (Floor)
[2017.10.31-13.59.42:224][454]Cmd: DELETE
[2017.10.31-13.59.42:224][454]Cmd: ACTOR DELETE
[2017.10.31-13.59.42:238][454]LogEditorActor: Deleted Actor: StaticMeshActor
[2017.10.31-13.59.42:253][454]LogEditorActor: Deleted 1 Actors (0.027 secs)
[2017.10.31-14.00.46:005][344]LogSavePackage: Save=43.03ms
[2017.10.31-14.00.46:005][344]LogSavePackage: Moving '../../../../../../Users/SMARTANS/Documents/Battle-Tank/03_BattleTank/BattleTank/Saved/BattleGround5B24871C4A09EC64E61438B3F1D634D0.tmp' to '../../../../../../Users/SMARTANS/Documents/Battle-Tank/03_BattleTank/BattleTank/Content/BattleGround.umap'
[2017.10.31-14.00.46:018][344]LogSavePackage: Display: Finished SavePackage ../../../../../../Users/SMARTANS/Documents/Battle-Tank/03_BattleTank/BattleTank/Content/BattleGround.umap
[2017.10.31-14.00.46:067][344]Cmd: OBJ SAVEPACKAGE PACKAGE="/Game/BattleGround_BuiltData" FILE="../../../../../../Users/SMARTANS/Documents/Battle-Tank/03_BattleTank/BattleTank/Content/BattleGround_BuiltData.uasset" SILENT=true
[2017.10.31-14.00.46:101][344]LogSavePackage: Save=23.25ms
[2017.10.31-14.00.46:101][344]LogSavePackage: Moving '../../../../../../Users/SMARTANS/Documents/Battle-Tank/03_BattleTank/BattleTank/Saved/BattleGround_BuiltDataFD7CFBA24D917BB9E531E4AA546345A1.tmp' to '../../../../../../Users/SMARTANS/Documents/Battle-Tank/03_BattleTank/BattleTank/Content/BattleGround_BuiltData.uasset'
[2017.10.31-14.00.46:104][344]LogSavePackage: Display: Finished SavePackage ../../../../../../Users/SMARTANS/Documents/Battle-Tank/03_BattleTank/BattleTank/Content/BattleGround_BuiltData.uasset
[2017.10.31-14.00.47:909][372]Cmd: MAP LOAD FILE="../../../../../../Users/SMARTANS/Documents/Battle-Tank/03_BattleTank/BattleTank/Content/BattleGround.umap" TEMPLATE=0 SHOWPROGRESS=1 FEATURELEVEL=3
[2017.10.31-14.00.47:909][372]LightingResults: New page: Lighting Build
[2017.10.31-14.00.47:910][372]LoadErrors: New page: Loading map: BattleGround.umap
[2017.10.31-14.00.47:910][372]MapCheck: New page: Map Check
[2017.10.31-14.00.47:910][372]LightingResults: New page: Lighting Build
[2017.10.31-14.00.47:945][372]LogAIModule: Creating AISystem for world BattleGround
[2017.10.31-14.00.48:022][372]LogEditorServer: Finished looking for orphan Actors (0.000 secs)
[2017.10.31-14.00.48:062][372]Cmd: MAP CHECKDEP NOCLEARLOG
[2017.10.31-14.00.48:146][372]MapCheck: Map check complete: 0 Error(s), 0 Warning(s), took 84.604ms to complete.
[2017.10.31-14.00.48:147][372]LogFileHelpers: Loading map 'BattleGround' took 0.240
[2017.10.31-14.00.48:156][372]LoadErrors: Error: /Game/BattleGround : Failed import for MapBuildDataRegistry /Game/BattleGround_BuiltData.BattleGround_BuiltData Referenced by export Level /Game/BattleGround.BattleGround:PersistentLevel
[2017.10.31-14.00.53:302][441]LogEditorViewport: Clicking on Actor (LMB): BP_Sky_Sphere_C (Sky Sphere)
[2017.10.31-14.01.03:812][570]LogEditorViewport: Clicking on Actor (LMB): BP_Sky_Sphere_C (Sky Sphere)
[2017.10.31-14.02.19:613][741]LogEditorViewport: Clicking on Actor (LMB): BP_Sky_Sphere_C (Sky Sphere)
[2017.10.31-14.02.23:502][795]Cmd: TRANSACTION UNDO
[2017.10.31-14.02.23:502][795]LogEditorTransaction: Undo Clicking on Actors
[2017.10.31-14.02.24:653][829]Cmd: TRANSACTION UNDO
[2017.10.31-14.02.24:653][829]LogEditorTransaction: Undo Clicking on Actors
[2017.10.31-14.02.25:572][841]Cmd: TRANSACTION UNDO
[2017.10.31-14.02.25:572][841]LogEditorTransaction: Undo Clicking on Actors
[2017.10.31-14.02.26:321][851]Cmd: TRANSACTION UNDO
[2017.10.31-14.02.26:321][851]LogEditorTransaction: Undo Clicking on Actors
[2017.10.31-14.02.28:547][882]LogEditorViewport: Clicking on Actor (LMB): BP_Sky_Sphere_C (Sky Sphere)
[2017.10.31-14.02.51:785][199]LogContentBrowser: Native class hierarchy updated for 'BlueprintGraph' in 0.0011 seconds. Added 116 classes and 0 folders.
[2017.10.31-14.02.52:592][199]LogMaterial: Missing cached shader map for material GridMaterial, compiling. 
[2017.10.31-14.02.52:661][199]LogMaterial: Missing cached shader map for material PersonaFloorMat, compiling. 
[2017.10.31-14.02.52:830][199]LogSlate: Took 0.007329 seconds to synchronously load lazily loaded font '../../../Engine/Content/Editor/Slate/Fonts/Roboto-BoldCondensed.ttf' (158K)
[2017.10.31-14.02.53:253][200]LogSlate: Took 0.009155 seconds to synchronously load lazily loaded font '../../../Engine/Content/Editor/Slate/Fonts/Roboto-Italic.ttf' (157K)
[2017.10.31-14.04.46:013][ 74]LogRenderer: Reallocating scene render targets to support 772x384 Format 10 NumSamples 1 (Frame:2135).
[2017.10.31-14.06.29:550][883]LogRenderer: Reallocating scene render targets to support 784x384 Format 10 NumSamples 1 (Frame:3188).
[2017.10.31-14.06.29:694][884]LogRenderer: Reallocating scene render targets to support 788x384 Format 10 NumSamples 1 (Frame:3190).
[2017.10.31-14.06.29:825][885]LogRenderer: Reallocating scene render targets to support 792x384 Format 10 NumSamples 1 (Frame:3192).
[2017.10.31-14.06.29:982][886]LogRenderer: Reallocating scene render targets to support 800x384 Format 10 NumSamples 1 (Frame:3194).
[2017.10.31-14.06.30:121][887]LogRenderer: Reallocating scene render targets to support 808x384 Format 10 NumSamples 1 (Frame:3196).
[2017.10.31-14.06.30:291][888]LogRenderer: Reallocating scene render targets to support 812x384 Format 10 NumSamples 1 (Frame:3198).
[2017.10.31-14.06.31:137][913]LogRenderer: Reallocating scene render targets to support 816x384 Format 10 NumSamples 1 (Frame:3200).
[2017.10.31-14.06.33:876][952]LogRenderer: Reallocating scene render targets to support 972x384 Format 10 NumSamples 1 (Frame:3232).
[2017.10.31-14.06.47:112][260]LogRenderer: Reallocating scene render targets to support 972x564 Format 10 NumSamples 1 (Frame:3307).
[2017.10.31-14.08.22:681][507]LogMaterial: Missing cached shader map for material LayerVisMaterial, compiling. 
[2017.10.31-14.08.22:693][507]LogMaterial: Missing cached shader map for material LayerVisMaterial, compiling. 
[2017.10.31-14.08.22:729][507]LogMaterial: Missing cached shader map for material SelectBrushMaterial, compiling. 
[2017.10.31-14.08.22:758][507]LogMaterial: Missing cached shader map for material SelectBrushMaterial, compiling. 
[2017.10.31-14.08.22:798][507]LogMaterial: Missing cached shader map for material SelectBrushMaterial, compiling. 
[2017.10.31-14.08.22:818][507]LogMaterial: Missing cached shader map for material SelectBrushMaterial, compiling. 
[2017.10.31-14.08.22:860][507]LogMaterial: Missing cached shader map for material MaskBrushMaterial, compiling. 
[2017.10.31-14.08.22:881][507]LogMaterial: Missing cached shader map for material MaskBrushMaterial, compiling. 
[2017.10.31-14.08.22:902][507]LogMaterial: Missing cached shader map for material MaskBrushMaterial, compiling. 
[2017.10.31-14.08.22:948][507]LogMaterial: Missing cached shader map for material LandscapeLayerUsageMaterial, compiling. 
[2017.10.31-14.08.22:960][507]LogMaterial: Missing cached shader map for material LandscapeLayerUsageMaterial, compiling. 
[2017.10.31-14.08.22:993][507]LogMaterial: Missing cached shader map for material MirrorPlaneMaterial, compiling. 
[2017.10.31-14.08.23:029][507]LogMaterial: Missing cached shader map for material CircleBrushMaterial, compiling. 
[2017.10.31-14.08.23:050][507]LogMaterial: Missing cached shader map for material CircleBrushMaterial, compiling. 
[2017.10.31-14.08.23:075][507]LogMaterial: Missing cached shader map for material CircleBrushMaterial, compiling. 
[2017.10.31-14.08.23:117][507]LogMaterial: Missing cached shader map for material CircleBrushMaterial, compiling. 
[2017.10.31-14.08.23:158][507]LogMaterial: Missing cached shader map for material CircleBrushMaterial, compiling. 
[2017.10.31-14.08.23:180][507]LogMaterial: Missing cached shader map for material CircleBrushMaterial, compiling. 
[2017.10.31-14.08.23:221][507]LogMaterial: Missing cached shader map for material CircleBrushMaterial, compiling. 
[2017.10.31-14.08.23:244][507]LogMaterial: Missing cached shader map for material CircleBrushMaterial, compiling. 
[2017.10.31-14.08.23:296][507]LogMaterial: Missing cached shader map for material AlphaBrushMaterial, compiling. 
[2017.10.31-14.08.23:320][507]LogMaterial: Missing cached shader map for material AlphaBrushMaterial, compiling. 
[2017.10.31-14.08.23:363][507]LogMaterial: Missing cached shader map for material CircleBrushMaterial, compiling. 
[2017.10.31-14.08.23:385][507]LogMaterial: Missing cached shader map for material CircleBrushMaterial, compiling. 
[2017.10.31-14.08.23:429][507]LogMaterial: Missing cached shader map for material MaskBrushMaterial, compiling. 
[2017.10.31-14.08.23:452][507]LogMaterial: Missing cached shader map for material MaskBrushMaterial, compiling. 
[2017.10.31-14.08.23:498][507]LogTexture: Display: Building textures: Texture2D_2 (G8, 128X128)
[2017.10.31-14.08.27:356][545]LogEditorSelectUtils: Warning: SelectActor: The requested operation could not be completed because the actor has invalid flags. (Landscape)
[2017.10.31-14.08.27:356][545]LogActorComponent: RegisterComponentWithWorld: (/Game/BattleGround.BattleGround:PersistentLevel.Landscape_2.RootComponent0) Trying to register component with IsPendingKill() == true. Aborting.
[2017.10.31-14.08.27:356][545]LogEditorSelectUtils: Warning: SelectActor: The requested operation could not be completed because the actor has invalid flags. (Landscape)
[2017.10.31-14.09.29:123][186]LogTexture: Display: Building textures: Texture2D_0 (BGRA8, 512X512)
[2017.10.31-14.09.29:150][186]LogMaterial: Missing cached shader map for material WorldGridMaterial, compiling. Is special engine material.
[2017.10.31-14.10.10:938][411]LogSynthBenchmark: Display: FSynthBenchmark (V0.95):  requested WorkScale=1.00
[2017.10.31-14.10.10:938][411]LogSynthBenchmark: Display: ===============
[2017.10.31-14.10.10:938][411]LogSynthBenchmark: Display: Main Processor:
[2017.10.31-14.10.10:987][411]LogSynthBenchmark: Display:          ... 0.025782 s/Run 'RayIntersect'
[2017.10.31-14.10.10:987][411]LogSynthBenchmark: Display:          ... 0.023718 s/Run 'Fractal'
[2017.10.31-14.10.10:987][411]LogSynthBenchmark: Display: 
[2017.10.31-14.10.10:987][411]LogSynthBenchmark: Display:   CompiledTarget_x_Bits: 64
[2017.10.31-14.10.10:987][411]LogSynthBenchmark: Display:   UE_BUILD_SHIPPING: 0
[2017.10.31-14.10.10:987][411]LogSynthBenchmark: Display:   UE_BUILD_TEST: 0
[2017.10.31-14.10.10:987][411]LogSynthBenchmark: Display:   UE_BUILD_DEBUG: 0
[2017.10.31-14.10.10:987][411]LogSynthBenchmark: Display:   TotalPhysicalGBRam: 16
[2017.10.31-14.10.10:987][411]LogSynthBenchmark: Display:   NumberOfCores (physical): 2
[2017.10.31-14.10.10:987][411]LogSynthBenchmark: Display:   NumberOfCores (logical): 4
[2017.10.31-14.10.10:988][411]LogSynthBenchmark: Display:   CPU Perf Index 0: 99.3 (weight 1.00)
[2017.10.31-14.10.10:988][411]LogSynthBenchmark: Display:   CPU Perf Index 1: 120.6 (weight 1.50)
[2017.10.31-14.10.10:988][411]LogSynthBenchmark: Display:  
[2017.10.31-14.10.10:988][411]LogSynthBenchmark: Display: Graphics:
[2017.10.31-14.10.10:988][411]LogSynthBenchmark: Display:   Adapter Name: 'Intel(R) HD Graphics 520'
[2017.10.31-14.10.10:988][411]LogSynthBenchmark: Display:   (On Optimus the name might be wrong, memory should be ok)
[2017.10.31-14.10.10:988][411]LogSynthBenchmark: Display:   Vendor Id: 0x8086
[2017.10.31-14.10.10:988][411]LogSynthBenchmark: Display:   Device Id: 0x1916
[2017.10.31-14.10.10:988][411]LogSynthBenchmark: Display:   Device Revision: 0x7
[2017.10.31-14.10.10:988][411]LogSynthBenchmark: Display:   GPU Memory: 128/0/8131 MB
[2017.10.31-14.10.11:150][411]LogSynthBenchmark: Display:   GPU first test: 0.07s
[2017.10.31-14.10.11:150][411]LogSynthBenchmark: Display:          ... 0.267 s/GigaPix, Confidence=100% 'ALUHeavyNoise' (likely to be very inaccurate)
[2017.10.31-14.10.11:150][411]LogSynthBenchmark: Display:          ... 0.219 s/GigaPix, Confidence=100% 'TexHeavy' (likely to be very inaccurate)
[2017.10.31-14.10.11:150][411]LogSynthBenchmark: Display:          ... 0.196 s/GigaPix, Confidence=100% 'DepTexHeavy' (likely to be very inaccurate)
[2017.10.31-14.10.11:150][411]LogSynthBenchmark: Display:          ... 0.706 s/GigaPix, Confidence=81% 'FillOnly' (likely to be very inaccurate)
[2017.10.31-14.10.11:150][411]LogSynthBenchmark: Display:          ... 0.045 s/GigaPix, Confidence=89% 'Bandwidth' (likely to be very inaccurate)
[2017.10.31-14.10.11:150][411]LogSynthBenchmark: Display:          ... 0.198 s/GigaVert, Confidence=89% 'VertThroughPut1' (likely to be very inaccurate)
[2017.10.31-14.10.11:150][411]LogSynthBenchmark: Display:          ... 0.344 s/GigaVert, Confidence=100% 'VertThroughPut2' (likely to be very inaccurate)
[2017.10.31-14.10.11:833][411]LogSynthBenchmark: Display:   GPU second test: 0.62s
[2017.10.31-14.10.11:833][411]LogSynthBenchmark: Display:          ... 0.400 s/GigaPix, Confidence=100% 'ALUHeavyNoise' (likely to be inaccurate)
[2017.10.31-14.10.11:833][411]LogSynthBenchmark: Display:          ... 0.301 s/GigaPix, Confidence=89% 'TexHeavy' (likely to be inaccurate)
[2017.10.31-14.10.11:833][411]LogSynthBenchmark: Display:          ... 0.256 s/GigaPix, Confidence=89% 'DepTexHeavy' (likely to be inaccurate)
[2017.10.31-14.10.11:833][411]LogSynthBenchmark: Display:          ... 2.063 s/GigaPix, Confidence=89% 'FillOnly' (likely to be inaccurate)
[2017.10.31-14.10.11:833][411]LogSynthBenchmark: Display:          ... 0.045 s/GigaPix, Confidence=100% 'Bandwidth' (likely to be inaccurate)
[2017.10.31-14.10.11:833][411]LogSynthBenchmark: Display:          ... 0.197 s/GigaVert, Confidence=70% 'VertThroughPut1' (likely to be inaccurate)
[2017.10.31-14.10.11:833][411]LogSynthBenchmark: Display:          ... 0.365 s/GigaVert, Confidence=89% 'VertThroughPut2' (likely to be inaccurate)
[2017.10.31-14.10.11:833][411]LogSynthBenchmark: Display:   GPU Final Results:
[2017.10.31-14.10.11:833][411]LogSynthBenchmark: Display:          ... 0.400 s/GigaPix, Confidence=100% 'ALUHeavyNoise'
[2017.10.31-14.10.11:833][411]LogSynthBenchmark: Display:          ... 0.301 s/GigaPix, Confidence=89% 'TexHeavy'
[2017.10.31-14.10.11:833][411]LogSynthBenchmark: Display:          ... 0.256 s/GigaPix, Confidence=89% 'DepTexHeavy'
[2017.10.31-14.10.11:833][411]LogSynthBenchmark: Display:          ... 2.063 s/GigaPix, Confidence=89% 'FillOnly'
[2017.10.31-14.10.11:833][411]LogSynthBenchmark: Display:          ... 0.045 s/GigaPix, Confidence=100% 'Bandwidth'
[2017.10.31-14.10.11:833][411]LogSynthBenchmark: Display:          ... 0.197 s/GigaVert, Confidence=70% 'VertThroughPut1'
[2017.10.31-14.10.11:833][411]LogSynthBenchmark: Display:          ... 0.365 s/GigaVert, Confidence=89% 'VertThroughPut2'
[2017.10.31-14.10.11:833][411]LogSynthBenchmark: Display: 
[2017.10.31-14.10.11:833][411]LogSynthBenchmark: Display:   GPU Perf Index 0: 8.7 (weight 1.00)
[2017.10.31-14.10.11:833][411]LogSynthBenchmark: Display:   GPU Perf Index 1: 4.0 (weight 0.10)
[2017.10.31-14.10.11:833][411]LogSynthBenchmark: Display:   GPU Perf Index 2: 6.6 (weight 0.10)
[2017.10.31-14.10.11:833][411]LogSynthBenchmark: Display:   GPU Perf Index 3: 8.1 (weight 3.00)
[2017.10.31-14.10.11:833][411]LogSynthBenchmark: Display:   GPU Perf Index 4: 4.2 (weight 1.00)
[2017.10.31-14.10.11:833][411]LogSynthBenchmark: Display:   GPU Perf Index 5: 12.8 (weight 0.00)
[2017.10.31-14.10.11:833][411]LogSynthBenchmark: Display:   GPU Perf Index 6: 20.7 (weight 0.00)
[2017.10.31-14.10.11:833][411]LogSynthBenchmark: Display:   CPUIndex: 112.1
[2017.10.31-14.10.11:833][411]LogSynthBenchmark: Display:   GPUIndex: 7.4
[2017.10.31-14.10.11:833][411]LogSynthBenchmark: Display: 
[2017.10.31-14.10.11:833][411]LogSynthBenchmark: Display:          ... Total Time: 0.895376 sec
[2017.10.31-14.10.12:342][412]LogRenderer: Reallocating scene render targets to support 972x564 Format 9 NumSamples 1 (Frame:4985).
[2017.10.31-14.10.12:503][414]LogContentStreaming: Texture pool size now 400 MB
[2017.10.31-14.11.06:066][303]LogTexture: Display: Building textures: Texture2D_0 (BGRA8, 512X512)
[2017.10.31-14.11.06:271][303]LogSavePackage: Save=232.77ms
[2017.10.31-14.11.06:271][303]LogSavePackage: Moving '../../../../../../Users/SMARTANS/Documents/Battle-Tank/03_BattleTank/BattleTank/Saved/BattleGround_Auto1BE5FA11544E25B603F4001A87791E103.tmp' to '../../../../../../Users/SMARTANS/Documents/Battle-Tank/03_BattleTank/BattleTank/Saved/Autosaves/Game/BattleGround_Auto1.umap'
[2017.10.31-14.11.06:275][303]LogSavePackage: Display: Finished SavePackage ../../../../../../Users/SMARTANS/Documents/Battle-Tank/03_BattleTank/BattleTank/Saved/Autosaves/Game/BattleGround_Auto1.umap
[2017.10.31-14.11.06:279][303]LogFileHelpers: Editor autosave (incl. sublevels) for '/Game/BattleGround' took 0.282
[2017.10.31-14.11.06:279][303]LogFileHelpers: Editor autosave (incl. sublevels) for all levels took 0.282
[2017.10.31-14.24.36:970][113]LogHttp: Warning: 0000025ED64DBB80: request failed, libcurl error: 6 (Couldn't resolve host name)
[2017.10.31-14.24.36:970][113]LogHttp: Warning: 0000025ED64DBB80: libcurl info message cache 0 (Connection 12 seems to be dead!)
[2017.10.31-14.24.36:970][113]LogHttp: Warning: 0000025ED64DBB80: libcurl info message cache 1 (Closing connection 12)
[2017.10.31-14.24.36:970][113]LogHttp: Warning: 0000025ED64DBB80: libcurl info message cache 2 (Could not resolve host: datarouter.ol.epicgames.com)
[2017.10.31-14.24.36:970][113]LogHttp: Warning: 0000025ED64DBB80: libcurl info message cache 3 (Closing connection 13)
[2017.10.31-14.28.56:912][112]Cmd: TRANSACTION UNDO
[2017.10.31-14.28.56:912][112]LogEditorTransaction: Undo Landscape Editing: Sculpt
[2017.10.31-14.28.57:742][137]Cmd: TRANSACTION UNDO
[2017.10.31-14.28.57:742][137]LogEditorTransaction: Undo Landscape Editing: Sculpt
[2017.10.31-14.29.39:961][845]LogSavePackage: Save=242.08ms
[2017.10.31-14.29.39:961][845]LogSavePackage: Moving '../../../../../../Users/SMARTANS/Documents/Battle-Tank/03_BattleTank/BattleTank/Saved/BattleGround70CE24A34D17379B3670D083B2747A7D.tmp' to '../../../../../../Users/SMARTANS/Documents/Battle-Tank/03_BattleTank/BattleTank/Content/BattleGround.umap'
[2017.10.31-14.29.39:968][845]LogSavePackage: Display: Finished SavePackage ../../../../../../Users/SMARTANS/Documents/Battle-Tank/03_BattleTank/BattleTank/Content/BattleGround.umap
